c:\users\20158\onedrive\바탕 화면\d3d11 imgui dll\imgui d3d11 hook\x64\debug\vc143.pdb
c:\users\20158\onedrive\바탕 화면\d3d11 imgui dll\imgui d3d11 hook\x64\debug\vc143.idb
c:\users\20158\onedrive\바탕 화면\d3d11 imgui dll\imgui d3d11 hook\x64\debug\main.obj
c:\users\20158\onedrive\바탕 화면\d3d11 imgui dll\imgui d3d11 hook\x64\debug\imgui_widgets.obj
c:\users\20158\onedrive\바탕 화면\d3d11 imgui dll\imgui d3d11 hook\x64\debug\imgui_impl_win32.obj
c:\users\20158\onedrive\바탕 화면\d3d11 imgui dll\imgui d3d11 hook\x64\debug\imgui_impl_dx11.obj
c:\users\20158\onedrive\바탕 화면\d3d11 imgui dll\imgui d3d11 hook\x64\debug\imgui_draw.obj
c:\users\20158\onedrive\바탕 화면\d3d11 imgui dll\imgui d3d11 hook\x64\debug\imgui_demo.obj
c:\users\20158\onedrive\바탕 화면\d3d11 imgui dll\imgui d3d11 hook\x64\debug\imgui.obj
c:\users\20158\onedrive\바탕 화면\d3d11 imgui dll\imgui d3d11 hook\x64\debug\kiero.obj
c:\users\20158\onedrive\바탕 화면\d3d11 imgui dll\imgui d3d11 hook\x64\debug\trampoline.obj
c:\users\20158\onedrive\바탕 화면\d3d11 imgui dll\imgui d3d11 hook\x64\debug\hook.obj
c:\users\20158\onedrive\바탕 화면\d3d11 imgui dll\imgui d3d11 hook\x64\debug\hde64.obj
c:\users\20158\onedrive\바탕 화면\d3d11 imgui dll\imgui d3d11 hook\x64\debug\hde32.obj
c:\users\20158\onedrive\바탕 화면\d3d11 imgui dll\imgui d3d11 hook\x64\debug\buffer.obj
c:\users\20158\onedrive\바탕 화면\d3d11 imgui dll\imgui d3d11 hook\build\imgui d3d11 hook.dll
c:\users\20158\onedrive\바탕 화면\d3d11 imgui dll\imgui d3d11 hook\build\imgui d3d11 hook.pdb
c:\users\20158\onedrive\바탕 화면\d3d11 imgui dll\imgui d3d11 hook\x64\debug\minhook.res
c:\users\20158\onedrive\바탕 화면\d3d11 imgui dll\imgui d3d11 hook\x64\debug\imgui d3d11 hook.ilk
c:\users\20158\onedrive\바탕 화면\d3d11 imgui dll\imgui d3d11 hook\x64\debug\imgui d3d11 hook.tlog\cl.command.1.tlog
c:\users\20158\onedrive\바탕 화면\d3d11 imgui dll\imgui d3d11 hook\x64\debug\imgui d3d11 hook.tlog\cl.items.tlog
c:\users\20158\onedrive\바탕 화면\d3d11 imgui dll\imgui d3d11 hook\x64\debug\imgui d3d11 hook.tlog\cl.read.1.tlog
c:\users\20158\onedrive\바탕 화면\d3d11 imgui dll\imgui d3d11 hook\x64\debug\imgui d3d11 hook.tlog\cl.write.1.tlog
c:\users\20158\onedrive\바탕 화면\d3d11 imgui dll\imgui d3d11 hook\x64\debug\imgui d3d11 hook.tlog\link.command.1.tlog
c:\users\20158\onedrive\바탕 화면\d3d11 imgui dll\imgui d3d11 hook\x64\debug\imgui d3d11 hook.tlog\link.read.1.tlog
c:\users\20158\onedrive\바탕 화면\d3d11 imgui dll\imgui d3d11 hook\x64\debug\imgui d3d11 hook.tlog\link.secondary.1.tlog
c:\users\20158\onedrive\바탕 화면\d3d11 imgui dll\imgui d3d11 hook\x64\debug\imgui d3d11 hook.tlog\link.write.1.tlog
c:\users\20158\onedrive\바탕 화면\d3d11 imgui dll\imgui d3d11 hook\x64\debug\imgui d3d11 hook.tlog\rc.command.1.tlog
c:\users\20158\onedrive\바탕 화면\d3d11 imgui dll\imgui d3d11 hook\x64\debug\imgui d3d11 hook.tlog\rc.read.1.tlog
c:\users\20158\onedrive\바탕 화면\d3d11 imgui dll\imgui d3d11 hook\x64\debug\imgui d3d11 hook.tlog\rc.write.1.tlog
